
> vibe-generated-app@1.0.0 dev
> vite


  VITE v5.4.20  ready in 240 ms

  ➜  Local:   http://localhost:3000/
  ➜  Network: http://172.20.1.112:3000/
6:06:02 PM [vite] Pre-transform error: Transform failed with 1 error:
/home/workspace/src/App.jsx:3:23: ERROR: Expected "}" but found "FiltersState"
6:06:14 PM [vite] Internal server error: Transform failed with 1 error:
/home/workspace/src/App.jsx:3:23: ERROR: Expected "}" but found "FiltersState"
  Plugin: vite:esbuild
  File: /home/workspace/src/App.jsx:3:23
  
  Expected "}" but found "FiltersState"
  1  |  import React, { useEffect, useMemo, useState } from 'react'
  2  |  import Hero from './components/Hero'
  3  |  import Filters, { type FiltersState } from './components/Filters'
     |                         ^
  4  |  import PropertyCard, { type Property } from './components/PropertyCard'
  5  |  
  
      at failureErrorWithLog (/home/workspace/node_modules/esbuild/lib/main.js:1472:15)
      at /home/workspace/node_modules/esbuild/lib/main.js:755:50
      at responseCallbacks.<computed> (/home/workspace/node_modules/esbuild/lib/main.js:622:9)
      at handleIncomingPacket (/home/workspace/node_modules/esbuild/lib/main.js:677:12)
      at Socket.readFromStdout (/home/workspace/node_modules/esbuild/lib/main.js:600:7)
      at Socket.emit (node:events:508:28)
      at addChunk (node:internal/streams/readable:559:12)
      at readableAddChunkPushByteMode (node:internal/streams/readable:510:3)
      at Readable.push (node:internal/streams/readable:390:5)
      at Pipe.onStreamRead (node:internal/stream_base_commons:189:23)
6:06:24 PM [vite] Internal server error: Transform failed with 1 error:
/home/workspace/src/App.jsx:3:23: ERROR: Expected "}" but found "FiltersState"
  Plugin: vite:esbuild
  File: /home/workspace/src/App.jsx:3:23
  
  Expected "}" but found "FiltersState"
  1  |  import React, { useEffect, useMemo, useState } from 'react'
  2  |  import Hero from './components/Hero'
  3  |  import Filters, { type FiltersState } from './components/Filters'
     |                         ^
  4  |  import PropertyCard, { type Property } from './components/PropertyCard'
  5  |  
  
      at failureErrorWithLog (/home/workspace/node_modules/esbuild/lib/main.js:1472:15)
      at /home/workspace/node_modules/esbuild/lib/main.js:755:50
      at responseCallbacks.<computed> (/home/workspace/node_modules/esbuild/lib/main.js:622:9)
      at handleIncomingPacket (/home/workspace/node_modules/esbuild/lib/main.js:677:12)
      at Socket.readFromStdout (/home/workspace/node_modules/esbuild/lib/main.js:600:7)
      at Socket.emit (node:events:508:28)
      at addChunk (node:internal/streams/readable:559:12)
      at readableAddChunkPushByteMode (node:internal/streams/readable:510:3)
      at Readable.push (node:internal/streams/readable:390:5)
      at Pipe.onStreamRead (node:internal/stream_base_commons:189:23)
